  [4;36;1mSQL (0.3ms)[0m   [0;1m SELECT name
 FROM sqlite_master
 WHERE type = 'table' AND NOT name = 'sqlite_sequence'
[0m
  [4;35;1mSQL (0.1ms)[0m   [0mselect sqlite_version(*)[0m
  [4;36;1mSQL (20.7ms)[0m   [0;1mCREATE TABLE "schema_migrations" ("version" varchar(255) NOT NULL) [0m
  [4;35;1mSQL (9.1ms)[0m   [0mCREATE UNIQUE INDEX "unique_schema_migrations" ON "schema_migrations" ("version")[0m
  [4;36;1mSQL (0.3ms)[0m   [0;1m SELECT name
 FROM sqlite_master
 WHERE type = 'table' AND NOT name = 'sqlite_sequence'
[0m
  [4;35;1mSQL (0.1ms)[0m   [0mSELECT version FROM schema_migrations[0m
Migrating to CreatePeople (20100302103542)
  [4;36;1mSQL (0.7ms)[0m   [0;1mCREATE TABLE "people" ("id" INTEGER PRIMARY KEY AUTOINCREMENT NOT NULL, "name" varchar(255), "created_at" datetime, "updated_at" datetime) [0m
  [4;35;1mSQL (0.4ms)[0m   [0mINSERT INTO schema_migrations (version) VALUES ('20100302103542')[0m
Migrating to CreateGroups (20100302103600)
  [4;36;1mSQL (0.5ms)[0m   [0;1mCREATE TABLE "groups" ("id" INTEGER PRIMARY KEY AUTOINCREMENT NOT NULL, "name" varchar(255), "created_at" datetime, "updated_at" datetime) [0m
  [4;35;1mSQL (0.1ms)[0m   [0mINSERT INTO schema_migrations (version) VALUES ('20100302103600')[0m
Migrating to CreateMemberships (20100302103629)
  [4;36;1mSQL (0.5ms)[0m   [0;1mCREATE TABLE "memberships" ("id" INTEGER PRIMARY KEY AUTOINCREMENT NOT NULL, "role" varchar(255), "member_id" integer, "group_id" integer, "created_at" datetime, "updated_at" datetime) [0m
  [4;35;1mSQL (0.1ms)[0m   [0mINSERT INTO schema_migrations (version) VALUES ('20100302103629')[0m
  [4;36;1mSQL (0.6ms)[0m   [0;1m SELECT name
 FROM sqlite_master
 WHERE type = 'table' AND NOT name = 'sqlite_sequence'
[0m
  [4;35;1mSQL (0.3ms)[0m   [0mSELECT version FROM schema_migrations[0m
  [4;36;1mSQL (0.2ms)[0m   [0;1m SELECT name
 FROM sqlite_master
 WHERE type = 'table' AND NOT name = 'sqlite_sequence'
[0m
  [4;35;1mSQL (0.0ms)[0m   [0mPRAGMA index_list("groups")[0m
  [4;36;1mSQL (0.0ms)[0m   [0;1mPRAGMA index_list("memberships")[0m
  [4;35;1mSQL (0.0ms)[0m   [0mPRAGMA index_list("people")[0m
  [4;36;1mPerson Create (0.6ms)[0m   [0;1mINSERT INTO "people" ("name", "created_at", "updated_at") VALUES('Anthony Underwood', '2010-03-02 10:45:51', '2010-03-02 10:45:51')[0m
  [4;36;1mSQL (0.3ms)[0m   [0;1m SELECT name
 FROM sqlite_master
 WHERE type = 'table' AND NOT name = 'sqlite_sequence'
[0m
  [4;35;1mSQL (0.1ms)[0m   [0mselect sqlite_version(*)[0m
  [4;36;1mSQL (1.9ms)[0m   [0;1mCREATE TABLE "schema_migrations" ("version" varchar(255) NOT NULL) [0m
  [4;35;1mSQL (1.3ms)[0m   [0mCREATE UNIQUE INDEX "unique_schema_migrations" ON "schema_migrations" ("version")[0m
  [4;36;1mSQL (0.2ms)[0m   [0;1m SELECT name
 FROM sqlite_master
 WHERE type = 'table' AND NOT name = 'sqlite_sequence'
[0m
  [4;35;1mSQL (0.1ms)[0m   [0mSELECT version FROM schema_migrations[0m
Migrating to CreatePeople (20100302103542)
  [4;36;1mSQL (0.5ms)[0m   [0;1mCREATE TABLE "people" ("id" INTEGER PRIMARY KEY AUTOINCREMENT NOT NULL, "name" varchar(255), "created_at" datetime, "updated_at" datetime) [0m
  [4;35;1mSQL (0.1ms)[0m   [0mINSERT INTO schema_migrations (version) VALUES ('20100302103542')[0m
Migrating to CreateGroups (20100302103600)
  [4;36;1mSQL (0.5ms)[0m   [0;1mCREATE TABLE "groups" ("id" INTEGER PRIMARY KEY AUTOINCREMENT NOT NULL, "name" varchar(255), "created_at" datetime, "updated_at" datetime) [0m
  [4;35;1mSQL (0.1ms)[0m   [0mINSERT INTO schema_migrations (version) VALUES ('20100302103600')[0m
Migrating to CreateMemberships (20100302103629)
  [4;36;1mSQL (0.5ms)[0m   [0;1mCREATE TABLE "memberships" ("id" INTEGER PRIMARY KEY AUTOINCREMENT NOT NULL, "role" varchar(255), "member_id" integer, "group_id" integer, "created_at" datetime, "updated_at" datetime) [0m
  [4;35;1mSQL (0.1ms)[0m   [0mINSERT INTO schema_migrations (version) VALUES ('20100302103629')[0m
  [4;36;1mSQL (0.4ms)[0m   [0;1m SELECT name
 FROM sqlite_master
 WHERE type = 'table' AND NOT name = 'sqlite_sequence'
[0m
  [4;35;1mSQL (0.2ms)[0m   [0mSELECT version FROM schema_migrations[0m
  [4;36;1mSQL (0.2ms)[0m   [0;1m SELECT name
 FROM sqlite_master
 WHERE type = 'table' AND NOT name = 'sqlite_sequence'
[0m
  [4;35;1mSQL (0.1ms)[0m   [0mPRAGMA index_list("groups")[0m
  [4;36;1mSQL (0.1ms)[0m   [0;1mPRAGMA index_list("memberships")[0m
  [4;35;1mSQL (0.0ms)[0m   [0mPRAGMA index_list("people")[0m
  [4;36;1mPerson Create (0.6ms)[0m   [0;1mINSERT INTO "people" ("name", "created_at", "updated_at") VALUES('Anthony Underwood', '2010-03-02 10:51:47', '2010-03-02 10:51:47')[0m
  [4;36;1mSQL (0.3ms)[0m   [0;1m SELECT name
 FROM sqlite_master
 WHERE type = 'table' AND NOT name = 'sqlite_sequence'
[0m
  [4;35;1mSQL (0.1ms)[0m   [0mselect sqlite_version(*)[0m
  [4;36;1mSQL (1.4ms)[0m   [0;1mCREATE TABLE "schema_migrations" ("version" varchar(255) NOT NULL) [0m
  [4;35;1mSQL (1.2ms)[0m   [0mCREATE UNIQUE INDEX "unique_schema_migrations" ON "schema_migrations" ("version")[0m
  [4;36;1mSQL (0.2ms)[0m   [0;1m SELECT name
 FROM sqlite_master
 WHERE type = 'table' AND NOT name = 'sqlite_sequence'
[0m
  [4;35;1mSQL (0.1ms)[0m   [0mSELECT version FROM schema_migrations[0m
Migrating to CreatePeople (20100302103542)
  [4;36;1mSQL (0.5ms)[0m   [0;1mCREATE TABLE "people" ("id" INTEGER PRIMARY KEY AUTOINCREMENT NOT NULL, "name" varchar(255), "created_at" datetime, "updated_at" datetime) [0m
  [4;35;1mSQL (0.1ms)[0m   [0mINSERT INTO schema_migrations (version) VALUES ('20100302103542')[0m
Migrating to CreateGroups (20100302103600)
  [4;36;1mSQL (0.6ms)[0m   [0;1mCREATE TABLE "groups" ("id" INTEGER PRIMARY KEY AUTOINCREMENT NOT NULL, "name" varchar(255), "ancestry" varchar(255), "created_at" datetime, "updated_at" datetime) [0m
  [4;35;1mSQL (0.1ms)[0m   [0mINSERT INTO schema_migrations (version) VALUES ('20100302103600')[0m
Migrating to CreateMemberships (20100302103629)
  [4;36;1mSQL (0.5ms)[0m   [0;1mCREATE TABLE "memberships" ("id" INTEGER PRIMARY KEY AUTOINCREMENT NOT NULL, "role" varchar(255), "member_id" integer, "group_id" integer, "created_at" datetime, "updated_at" datetime) [0m
  [4;35;1mSQL (0.1ms)[0m   [0mINSERT INTO schema_migrations (version) VALUES ('20100302103629')[0m
  [4;36;1mSQL (0.4ms)[0m   [0;1m SELECT name
 FROM sqlite_master
 WHERE type = 'table' AND NOT name = 'sqlite_sequence'
[0m
  [4;35;1mSQL (0.2ms)[0m   [0mSELECT version FROM schema_migrations[0m
  [4;36;1mSQL (0.2ms)[0m   [0;1m SELECT name
 FROM sqlite_master
 WHERE type = 'table' AND NOT name = 'sqlite_sequence'
[0m
  [4;35;1mSQL (0.0ms)[0m   [0mPRAGMA index_list("groups")[0m
  [4;36;1mSQL (0.0ms)[0m   [0;1mPRAGMA index_list("memberships")[0m
  [4;35;1mSQL (0.1ms)[0m   [0mPRAGMA index_list("people")[0m
  [4;36;1mPerson Create (0.6ms)[0m   [0;1mINSERT INTO "people" ("name", "created_at", "updated_at") VALUES('Anthony Underwood', '2010-03-02 10:55:34', '2010-03-02 10:55:34')[0m
  [4;35;1mGroup Create (1.0ms)[0m   [0mINSERT INTO "groups" ("name", "created_at", "ancestry", "updated_at") VALUES('Thursday housegroup', '2010-03-02 10:55:42', NULL, '2010-03-02 10:55:42')[0m
  [4;36;1mPerson Load (0.4ms)[0m   [0;1mSELECT * FROM "people" WHERE ("people"."id" = 1) [0m
  [4;35;1mGroup Load (0.3ms)[0m   [0mSELECT * FROM "groups" WHERE ("groups"."id" = 1) [0m
  [4;36;1mMembership Create (1.2ms)[0m   [0;1mINSERT INTO "memberships" ("created_at", "member_id", "updated_at", "role", "group_id") VALUES('2010-03-02 10:59:06', 1, '2010-03-02 10:59:06', NULL, 1)[0m
  [4;35;1mGroup Load (0.4ms)[0m   [0mSELECT "groups".* FROM "groups" INNER JOIN "memberships" ON "groups".id = "memberships".group_id WHERE (("memberships".member_id = 1)) [0m
  [4;36;1mMembership Load (0.5ms)[0m   [0;1mSELECT * FROM "memberships" WHERE ("memberships"."id" = 1) [0m
  [4;35;1mGroup Create (0.5ms)[0m   [0mINSERT INTO "groups" ("name", "created_at", "ancestry", "updated_at") VALUES('Housegroups', '2010-03-02 11:00:17', NULL, '2010-03-02 11:00:17')[0m
  [4;36;1mGroup Load (0.5ms)[0m   [0;1mSELECT * FROM "groups" WHERE ("groups"."id" = 1) [0m
  [4;35;1mGroup Create (0.8ms)[0m   [0mINSERT INTO "groups" ("name", "created_at", "ancestry", "updated_at") VALUES('Fellowship groups', '2010-03-02 11:02:22', NULL, '2010-03-02 11:02:22')[0m
  [4;36;1mGroup Load (0.3ms)[0m   [0;1mSELECT * FROM "groups" WHERE ("groups"."ancestry" = '3') [0m
  [4;35;1mGroup Load (1.3ms)[0m   [0mSELECT * FROM "groups" WHERE ("groups"."id" = 3) [0m
  [4;36;1mGroup Load (0.2ms)[0m   [0;1mSELECT * FROM "groups" WHERE ("groups"."id" = 2) [0m
  [4;35;1mGroup Load (0.4ms)[0m   [0mSELECT * FROM "groups" WHERE ("groups"."ancestry" = '2') [0m
  [4;36;1mGroup Load (0.5ms)[0m   [0;1mSELECT * FROM "groups" WHERE ("groups"."id" = 2) [0m
  [4;35;1mGroup Load (0.5ms)[0m   [0mSELECT * FROM "groups" WHERE ("groups"."id" = 3) [0m
  [4;36;1mGroup Load (0.5ms)[0m   [0;1mSELECT * FROM "groups" WHERE ("groups"."id" = 1) [0m
  [4;35;1mGroup Load (0.3ms)[0m   [0mSELECT * FROM "groups" WHERE (ancestry like '2/%' or ancestry = '2') [0m
  [4;36;1mGroup Update (0.4ms)[0m   [0;1mUPDATE "groups" SET "updated_at" = '2010-03-02 11:06:54', "ancestry" = '3' WHERE "id" = 2[0m
  [4;35;1mGroup Load (0.3ms)[0m   [0mSELECT * FROM "groups" WHERE (ancestry like '1/%' or ancestry = '1') [0m
  [4;36;1mGroup Update (0.4ms)[0m   [0;1mUPDATE "groups" SET "updated_at" = '2010-03-02 11:07:08', "ancestry" = '3/2' WHERE "id" = 1[0m
  [4;35;1mGroup Load (0.5ms)[0m   [0mSELECT * FROM "groups" WHERE ("groups"."id" = 2) [0m
  [4;36;1mGroup Load (0.5ms)[0m   [0;1mSELECT * FROM "groups" WHERE ("groups"."id" = 3) [0m
  [4;35;1mGroup Load (0.5ms)[0m   [0mSELECT * FROM "groups" WHERE ("groups"."ancestry" = '3') [0m
  [4;36;1mGroup Load (0.6ms)[0m   [0;1mSELECT * FROM "groups" WHERE (ancestry like '3/%' or ancestry = '3') [0m
  [4;35;1mGroup Load (0.5ms)[0m   [0mSELECT * FROM "groups" WHERE ("groups"."ancestry" IS NULL) [0m
  [4;36;1mPerson Load (0.3ms)[0m   [0;1mSELECT * FROM "people" WHERE ("people"."id" = 1) [0m
  [4;35;1mSQL (0.5ms)[0m   [0m SELECT name
 FROM sqlite_master
 WHERE type = 'table' AND NOT name = 'sqlite_sequence'
[0m
  [4;36;1mGroup Load (0.5ms)[0m   [0;1mSELECT "groups".* FROM "groups" INNER JOIN "memberships" ON "groups".id = "memberships".group_id WHERE (("memberships".member_id = 1)) [0m
  [4;35;1mGroup Load (0.7ms)[0m   [0mSELECT * FROM "groups" WHERE ("groups"."id" IN (3,2)) ORDER BY (case when ancestry is null then 0 else 1 end), ancestry[0m
  [4;36;1mGroup Load (0.5ms)[0m   [0;1mSELECT "groups".id FROM "groups" WHERE ("groups"."name" = 'Fellowship groups') AND ("groups"."id" IN (3,2)) ORDER BY (case when ancestry is null then 0 else 1 end), ancestry LIMIT 1[0m
